selendroid/selendroid-test-app/build/outputs/logs/manifest-merger-debug-report.txt
-- Merging decision tree log ---
manifest
ADDED from selendroid\selendroid-test-app\AndroidManifest.xml:2:1-38:12
	package
		ADDED from selendroid\selendroid-test-app\AndroidManifest.xml:2:132-163
	android:versionName
		ADDED from selendroid\selendroid-test-app\AndroidManifest.xml:2:94-131
		INJECTED from selendroid\selendroid-test-app\AndroidManifest.xml
		INJECTED from selendroid\selendroid-test-app\AndroidManifest.xml
	android:versionCode
		ADDED from selendroid\selendroid-test-app\AndroidManifest.xml:2:70-93
		INJECTED from selendroid\selendroid-test-app\AndroidManifest.xml
		INJECTED from selendroid\selendroid-test-app\AndroidManifest.xml
	xmlns:android
		ADDED from selendroid\selendroid-test-app\AndroidManifest.xml:2:11-69
uses-sdk
ADDED from selendroid\selendroid-test-app\AndroidManifest.xml:4:5-43
MERGED from [com.android.support:support-v4:23.4.0] AndroidManifest.xml:20:5-43
MERGED from [com.android.support:appcompat-v7:23.4.0] AndroidManifest.xml:21:5-23:78
MERGED from [com.android.support:animated-vector-drawable:23.4.0] AndroidManifest.xml:5:5-44
MERGED from [com.android.support:support-vector-drawable:23.4.0] AndroidManifest.xml:5:5-43
MERGED from [com.android.support:support-v4:23.4.0] AndroidManifest.xml:20:5-43
MERGED from [com.android.support:support-v4:23.4.0] AndroidManifest.xml:20:5-43
MERGED from [com.android.support:support-vector-drawable:23.4.0] AndroidManifest.xml:5:5-43
MERGED from [com.android.support:support-v4:23.4.0] AndroidManifest.xml:20:5-43
	tools:overrideLibrary
		ADDED from [com.android.support:appcompat-v7:23.4.0] AndroidManifest.xml:23:9-75
	android:targetSdkVersion
		INJECTED from selendroid\selendroid-test-app\AndroidManifest.xml
		INJECTED from selendroid\selendroid-test-app\AndroidManifest.xml
	android:minSdkVersion
		ADDED from selendroid\selendroid-test-app\AndroidManifest.xml:4:15-41
		INJECTED from selendroid\selendroid-test-app\AndroidManifest.xml
		INJECTED from selendroid\selendroid-test-app\AndroidManifest.xml
uses-permission#android.permission.INTERNET
ADDED from selendroid\selendroid-test-app\AndroidManifest.xml:6:5-66
	android:name
		ADDED from selendroid\selendroid-test-app\AndroidManifest.xml:6:22-64
uses-permission#android.permission.CALL_PHONE
ADDED from selendroid\selendroid-test-app\AndroidManifest.xml:7:5-68
	android:name
		ADDED from selendroid\selendroid-test-app\AndroidManifest.xml:7:22-66
uses-permission#android.permission.WRITE_CALL_LOG
ADDED from selendroid\selendroid-test-app\AndroidManifest.xml:8:5-72
	android:name
		ADDED from selendroid\selendroid-test-app\AndroidManifest.xml:8:22-70
uses-permission#android.permission.READ_CALL_LOG
ADDED from selendroid\selendroid-test-app\AndroidManifest.xml:9:5-71
	android:name
		ADDED from selendroid\selendroid-test-app\AndroidManifest.xml:9:22-69
uses-permission#android.permission.WRITE_EXTERNAL_STORAGE
ADDED from selendroid\selendroid-test-app\AndroidManifest.xml:10:5-80
	android:name
		ADDED from selendroid\selendroid-test-app\AndroidManifest.xml:10:22-78
application
ADDED from selendroid\selendroid-test-app\AndroidManifest.xml:13:5-36:19
MERGED from [com.android.support:support-v4:23.4.0] AndroidManifest.xml:22:5-20
MERGED from [com.android.support:appcompat-v7:23.4.0] AndroidManifest.xml:25:5-20
MERGED from [com.android.support:animated-vector-drawable:23.4.0] AndroidManifest.xml:7:5-20
MERGED from [com.android.support:support-vector-drawable:23.4.0] AndroidManifest.xml:7:5-20
MERGED from [com.android.support:support-v4:23.4.0] AndroidManifest.xml:22:5-20
MERGED from [com.android.support:support-v4:23.4.0] AndroidManifest.xml:22:5-20
MERGED from [com.android.support:support-vector-drawable:23.4.0] AndroidManifest.xml:7:5-20
MERGED from [com.android.support:support-v4:23.4.0] AndroidManifest.xml:22:5-20
	android:label
		ADDED from selendroid\selendroid-test-app\AndroidManifest.xml:16:9-41
	android:debuggable
		ADDED from selendroid\selendroid-test-app\AndroidManifest.xml:14:9-34
	android:allowBackup
		ADDED from selendroid\selendroid-test-app\AndroidManifest.xml:17:9-35
	android:icon
		ADDED from selendroid\selendroid-test-app\AndroidManifest.xml:15:9-39
	android:theme
		ADDED from selendroid\selendroid-test-app\AndroidManifest.xml:18:9-40
activity#io.selendroid.testapp.HomeScreenActivity
ADDED from selendroid\selendroid-test-app\AndroidManifest.xml:20:9-26:20
	android:name
		ADDED from selendroid\selendroid-test-app\AndroidManifest.xml:20:19-53
intent-filter#android.intent.action.MAIN+android.intent.category.LAUNCHER
ADDED from selendroid\selendroid-test-app\AndroidManifest.xml:21:13-25:29
action#android.intent.action.MAIN
ADDED from selendroid\selendroid-test-app\AndroidManifest.xml:22:17-68
	android:name
		ADDED from selendroid\selendroid-test-app\AndroidManifest.xml:22:25-66
category#android.intent.category.LAUNCHER
ADDED from selendroid\selendroid-test-app\AndroidManifest.xml:24:17-76
	android:name
		ADDED from selendroid\selendroid-test-app\AndroidManifest.xml:24:27-74
activity#io.selendroid.testapp.VoiceRecognitionActivity
ADDED from selendroid\selendroid-test-app\AndroidManifest.xml:28:9-72
	android:name
		ADDED from selendroid\selendroid-test-app\AndroidManifest.xml:28:19-59
activity#io.selendroid.testapp.RecognitionActivity
ADDED from selendroid\selendroid-test-app\AndroidManifest.xml:29:9-67
	android:name
		ADDED from selendroid\selendroid-test-app\AndroidManifest.xml:29:19-54
activity#io.selendroid.testapp.WebViewActivity
ADDED from selendroid\selendroid-test-app\AndroidManifest.xml:30:9-52
	android:name
		ADDED from selendroid\selendroid-test-app\AndroidManifest.xml:30:19-50